# Logfile created on 2022-01-12 14:46:33 +0000 by logger.rb/v1.4.2
I, [2022-01-12T14:47:59.646177 #8]  INFO -- : {}
I, [2022-01-12T14:48:55.764884 #8]  INFO -- : {}
I, [2022-01-12T14:50:57.271149 #8]  INFO -- : {}
I, [2022-01-12T14:50:57.271233 #8]  INFO -- : {}
I, [2022-01-12T14:51:41.550085 #8]  INFO -- : {}
I, [2022-01-12T14:51:41.550167 #8]  INFO -- : {}
I, [2022-01-12T14:52:02.832275 #8]  INFO -- : {}
I, [2022-01-12T14:52:02.832347 #8]  INFO -- : {}
I, [2022-01-12T15:03:55.308182 #15]  INFO -- : start
I, [2022-01-12T15:03:55.308642 #15]  INFO -- : {}
I, [2022-01-12T15:03:55.308710 #15]  INFO -- : end
I, [2022-01-12T15:03:55.308739 #15]  INFO -- : {}
I, [2022-01-12T15:04:48.929686 #181]  INFO -- : start
I, [2022-01-12T15:04:48.929752 #181]  INFO -- : false
I, [2022-01-12T15:04:48.929772 #181]  INFO -- : {}
I, [2022-01-12T15:04:48.929780 #181]  INFO -- : end
I, [2022-01-12T15:04:48.929785 #181]  INFO -- : {}
I, [2022-01-12T15:04:59.919795 #181]  INFO -- : start
I, [2022-01-12T15:04:59.919912 #181]  INFO -- : false
I, [2022-01-12T15:04:59.919944 #181]  INFO -- : {}
I, [2022-01-12T15:04:59.919967 #181]  INFO -- : end
I, [2022-01-12T15:04:59.919987 #181]  INFO -- : {}
I, [2022-01-12T15:05:14.275000 #245]  INFO -- : start
I, [2022-01-12T15:05:14.275137 #245]  INFO -- : 
I, [2022-01-12T15:05:14.275173 #245]  INFO -- : false
I, [2022-01-12T15:05:14.275199 #245]  INFO -- : {}
I, [2022-01-12T15:05:14.275221 #245]  INFO -- : end
I, [2022-01-12T15:05:14.275242 #245]  INFO -- : {}
I, [2022-01-12T15:05:35.649480 #299]  INFO -- : start
I, [2022-01-12T15:05:35.649532 #299]  INFO -- : true
I, [2022-01-12T15:05:35.649546 #299]  INFO -- : false
I, [2022-01-12T15:05:35.649553 #299]  INFO -- : {}
I, [2022-01-12T15:05:35.649559 #299]  INFO -- : end
I, [2022-01-12T15:05:35.649564 #299]  INFO -- : {}
I, [2022-01-12T15:06:25.679943 #417]  INFO -- : {"name"=>"ユーザ名が未入力です", "email"=>"メールが未入力です", "pass"=>"パスワードが未入力です"}
I, [2022-01-12T15:08:00.910082 #653]  INFO -- : {"name"=>"ユーザ名が未入力です", "email"=>"メールが未入力です", "pass"=>"パスワードが未入力です"}
I, [2022-01-12T15:08:00.910384 #653]  INFO -- : {"name"=>"ユーザ名が未入力です", "email"=>"メールが未入力です", "pass"=>"パスワードが未入力です"}
I, [2022-01-12T15:08:10.289147 #653]  INFO -- : {"name"=>"ユーザ名が未入力です", "email"=>"メールが未入力です", "pass"=>"パスワードが未入力です"}
I, [2022-01-12T15:08:10.289243 #653]  INFO -- : {"name"=>"ユーザ名が未入力です", "email"=>"メールが未入力です", "pass"=>"パスワードが未入力です"}
I, [2022-01-12T15:11:10.051872 #1035]  INFO -- : {"name"=>"ユーザ名が未入力です", "email"=>"メールが未入力です", "pass"=>"パスワードが未入力です"}
I, [2022-01-12T15:11:10.052100 #1035]  INFO -- : {"name"=>"ユーザ名が未入力です", "email"=>"メールが未入力です", "pass"=>"パスワードが未入力です"}
I, [2022-01-12T15:11:10.949420 #1035]  INFO -- : {"name"=>"ユーザ名が未入力です", "email"=>"メールが未入力です", "pass"=>"パスワードが未入力です"}
I, [2022-01-12T15:11:10.949486 #1035]  INFO -- : {"name"=>"ユーザ名が未入力です", "email"=>"メールが未入力です", "pass"=>"パスワードが未入力です"}
I, [2022-01-12T15:11:28.387738 #1089]  INFO -- : {"name"=>"ユーザ名が未入力です", "email"=>"メールが未入力です", "pass"=>"パスワードが未入力です"}
I, [2022-01-12T15:11:28.388042 #1089]  INFO -- : {"name"=>"ユーザ名が未入力です", "email"=>"メールが未入力です", "pass"=>"パスワードが未入力です"}
I, [2022-01-12T15:11:39.837984 #1125]  INFO -- : {"name"=>"ユーザ名が未入力です", "email"=>"メールが未入力です", "pass"=>"パスワードが未入力です"}
I, [2022-01-12T15:11:39.838076 #1125]  INFO -- : {"name"=>"ユーザ名が未入力です", "email"=>"メールが未入力です", "pass"=>"パスワードが未入力です"}
I, [2022-01-12T15:16:35.636936 #1727]  INFO -- : {"name"=>"ユーザ名が未入力です", "email"=>"メールが未入力です", "pass"=>"パスワードが未入力です"}
I, [2022-01-12T15:16:36.656567 #1727]  INFO -- : {"name"=>"ユーザ名が未入力です", "email"=>"メールが未入力です", "pass"=>"パスワードが未入力です"}
I, [2022-01-12T15:16:39.339566 #1727]  INFO -- : {"name"=>"ユーザ名が未入力です", "email"=>"メールが未入力です", "pass_diff"=>"パスワード確認が相違しています"}
I, [2022-01-12T15:16:42.753766 #1727]  INFO -- : {"name"=>"ユーザ名が未入力です", "email"=>"メールが未入力です", "pass_diff"=>"パスワード確認が相違しています"}
I, [2022-01-12T15:16:45.279020 #1727]  INFO -- : {"name"=>"ユーザ名が未入力です", "email"=>"メールが未入力です"}
I, [2022-01-12T15:17:45.289950 #1813]  INFO -- : {"name"=>"ユーザ名が未入力です", "email"=>"メールが未入力です", "pass"=>"パスワードが未入力です"}
I, [2022-01-12T15:17:48.552229 #1813]  INFO -- : {"name"=>"ユーザ名が未入力です", "email"=>"メールが未入力です", "pass_diff"=>"パスワード確認が相違しています", "pass_len"=>"パスワードは８文字以上必要です"}
I, [2022-01-12T15:17:51.604179 #1813]  INFO -- : {"name"=>"ユーザ名が未入力です", "email"=>"メールが未入力です", "pass"=>"パスワードが未入力です"}
I, [2022-01-12T15:17:55.197453 #1813]  INFO -- : {"name"=>"ユーザ名が未入力です", "email"=>"メールが未入力です", "pass_diff"=>"パスワード確認が相違しています"}
I, [2022-01-12T15:17:59.354229 #1813]  INFO -- : {"name"=>"ユーザ名が未入力です", "email"=>"メールが未入力です"}
I, [2022-01-12T15:19:01.143252 #2045]  INFO -- : {"name"=>"ユーザ名が未入力です", "email"=>"メールが未入力です"}
I, [2022-01-12T15:19:04.372233 #2045]  INFO -- : {"name"=>"ユーザ名が未入力です", "email"=>"メールが未入力です", "pass_diff"=>"パスワード確認が相違しています"}
I, [2022-01-12T15:19:25.485887 #2123]  INFO -- : {"name"=>"ユーザ名が未入力です", "email"=>"メールが未入力です", "pass_diff"=>"パスワード確認が相違しています"}
I, [2022-01-12T15:19:29.155910 #2143]  INFO -- : {"pass_diff"=>"パスワード確認が相違しています", "pass_len"=>"パスワードは８文字以上必要です"}
I, [2022-01-12T15:19:39.732637 #2143]  INFO -- : {"pass_diff"=>"パスワード確認が相違しています"}
I, [2022-01-12T15:19:47.416546 #2143]  INFO -- : {"pass_diff"=>"パスワード確認が相違しています"}
I, [2022-01-16T21:54:58.813302 #339]  INFO -- : {"pass_diff"=>"パスワード確認が相違しています", "pass_len"=>"パスワードは８文字以上必要です"}
I, [2022-01-16T22:46:55.852325 #440]  INFO -- : nil
I, [2022-01-16T22:47:54.870925 #570]  INFO -- : {}
I, [2022-01-16T22:48:18.349683 #570]  INFO -- : {"pass_diff"=>"パスワード確認が相違しています"}
I, [2022-01-16T22:48:18.349778 #570]  INFO -- : {"pass_diff"=>"パスワード確認が相違しています"}
I, [2022-01-16T22:48:30.745870 #570]  INFO -- : {}
I, [2022-01-16T22:48:50.979590 #570]  INFO -- : {"pass"=>"パスワードが未入力です"}
I, [2022-01-16T22:48:50.979770 #570]  INFO -- : {"pass"=>"パスワードが未入力です"}
I, [2022-01-16T22:49:14.237209 #570]  INFO -- : {"pass_diff"=>"パスワード確認が相違しています"}
I, [2022-01-16T22:49:14.237278 #570]  INFO -- : {"pass_diff"=>"パスワード確認が相違しています"}
I, [2022-01-16T22:49:33.528412 #570]  INFO -- : {}
I, [2022-01-16T22:49:33.534227 #570]  INFO -- : nil
I, [2022-01-16T22:49:33.534278 #570]  INFO -- : true
I, [2022-01-16T22:50:32.369899 #899]  INFO -- : {}
I, [2022-01-16T22:50:36.765637 #899]  INFO -- : {}
I, [2022-01-16T22:50:46.780657 #899]  INFO -- : {}
I, [2022-01-16T22:50:58.544602 #899]  INFO -- : {}
I, [2022-01-16T22:50:58.548374 #899]  INFO -- : {"name"=>"テスター3", "email"=>"test3@sample.com", "pass"=>"password", "passConf"=>"password"}
I, [2022-01-16T22:50:58.549635 #899]  INFO -- : nil
I, [2022-01-16T22:50:58.549835 #899]  INFO -- : true
I, [2022-01-16T22:52:09.045175 #1101]  INFO -- : {}
I, [2022-01-16T22:52:25.124391 #1101]  INFO -- : {"pass_diff"=>"パスワード確認が相違しています"}
I, [2022-01-16T22:52:25.124567 #1101]  INFO -- : {"pass_diff"=>"パスワード確認が相違しています"}
I, [2022-01-16T22:52:35.787431 #1101]  INFO -- : {"pass_diff"=>"パスワード確認が相違しています"}
I, [2022-01-16T22:52:35.787522 #1101]  INFO -- : {"pass_diff"=>"パスワード確認が相違しています"}
I, [2022-01-16T22:52:47.333267 #1101]  INFO -- : {}
I, [2022-01-16T22:52:47.336440 #1101]  INFO -- : -1-------
I, [2022-01-16T22:52:47.336486 #1101]  INFO -- : -2-------
I, [2022-01-16T22:52:47.336503 #1101]  INFO -- : {"name"=>"テスター４", "email"=>"test4@sample.com", "pass"=>"password", "passConf"=>"password"}
I, [2022-01-16T22:52:47.337515 #1101]  INFO -- : nil
I, [2022-01-16T22:52:47.337735 #1101]  INFO -- : true
I, [2022-01-16T23:04:57.006270 #16]  INFO -- : {}
I, [2022-01-16T23:05:13.614172 #16]  INFO -- : {}
I, [2022-01-16T23:05:13.617962 #16]  INFO -- : -1-------
I, [2022-01-16T23:05:13.618028 #16]  INFO -- : -2-------
I, [2022-01-16T23:05:13.618057 #16]  INFO -- : {"name"=>"テスター５", "email"=>"test5@sample.com", "pass"=>"password", "passConf"=>"password"}
I, [2022-01-16T23:05:13.619634 #16]  INFO -- : nil
I, [2022-01-16T23:05:13.619764 #16]  INFO -- : true
I, [2022-01-16T23:15:40.528000 #302]  INFO -- : {}
I, [2022-01-16T23:15:40.532712 #302]  INFO -- : -1-------
I, [2022-01-16T23:15:40.532802 #302]  INFO -- : -2-------
I, [2022-01-16T23:15:40.532831 #302]  INFO -- : {"name"=>"テスター１", "email"=>"test1@sample.com", "pass"=>"password", "passConf"=>"password"}
I, [2022-01-16T23:15:40.534257 #302]  INFO -- : nil
I, [2022-01-16T23:15:40.534380 #302]  INFO -- : true
I, [2022-01-16T23:27:19.367749 #15]  INFO -- : {}
I, [2022-01-16T23:27:19.372258 #15]  INFO -- : -1-------
I, [2022-01-16T23:27:19.372452 #15]  INFO -- : -2-------
I, [2022-01-16T23:27:19.372579 #15]  INFO -- : {"name"=>"テスター２", "email"=>"test2@sample.com", "pass"=>"password", "passConf"=>"password"}
I, [2022-01-16T23:27:19.374043 #15]  INFO -- : nil
I, [2022-01-16T23:27:19.374218 #15]  INFO -- : true
I, [2022-01-16T23:29:13.927984 #411]  INFO -- : {"alr_user"=>"既に登録されているユーザ名です"}
I, [2022-01-16T23:29:13.928366 #411]  INFO -- : {"alr_user"=>"既に登録されているユーザ名です"}
I, [2022-01-16T23:29:30.007724 #411]  INFO -- : {"alr_user"=>"既に登録されているユーザ名です"}
I, [2022-01-16T23:29:30.008077 #411]  INFO -- : {"alr_user"=>"既に登録されているユーザ名です"}
I, [2022-01-16T23:30:50.599540 #604]  INFO -- : 既存yu-za-
I, [2022-01-16T23:30:50.599622 #604]  INFO -- : テスター４
I, [2022-01-16T23:30:50.600789 #604]  INFO -- : #<Mysql2::Result:0x0000559b24348388 @query_options={:as=>:hash, :async=>false, :cast_booleans=>false, :symbolize_keys=>true, :database_timezone=>:local, :application_timezone=>nil, :cache_rows=>true, :connect_flags=>2148573700, :cast=>true, :default_file=>nil, :default_group=>nil, :host=>"db", :username=>"root", :password=>"secret", :database=>"sinatra_db"}, @server_flags={:no_good_index_used=>false, :no_index_used=>false, :query_was_slow=>false}>
I, [2022-01-16T23:30:50.601845 #604]  INFO -- : {"alr_user"=>"既に登録されているユーザ名です"}
I, [2022-01-16T23:30:50.601904 #604]  INFO -- : {"alr_user"=>"既に登録されているユーザ名です"}
I, [2022-01-16T23:31:45.505662 #728]  INFO -- : 既存yu-za-
I, [2022-01-16T23:31:45.505882 #728]  INFO -- : テスター４
I, [2022-01-16T23:31:45.507198 #728]  INFO -- : nil
I, [2022-01-16T23:31:45.508261 #728]  INFO -- : {"pass_diff"=>"パスワード確認が相違しています", "alr_user"=>"既に登録されているユーザ名です"}
I, [2022-01-16T23:31:45.508454 #728]  INFO -- : {"pass_diff"=>"パスワード確認が相違しています", "alr_user"=>"既に登録されているユーザ名です"}
I, [2022-01-16T23:32:27.037428 #819]  INFO -- : {}
I, [2022-01-16T23:32:27.040970 #819]  INFO -- : -1-------
I, [2022-01-16T23:32:27.041300 #819]  INFO -- : -2-------
I, [2022-01-16T23:32:27.041438 #819]  INFO -- : {"name"=>"テスター４", "email"=>"test4@sample.com", "pass"=>"password", "passConf"=>"password"}
I, [2022-01-16T23:32:27.043062 #819]  INFO -- : -3-------
I, [2022-01-16T23:32:27.043210 #819]  INFO -- : {:id=>3, :name=>"テスター４", :email=>"test4@sample.com", :password=>"a1841621c50e7ea0598f4d8ad6217d64", :created_at=>2022-01-16 23:32:27.036037 +0000, :updated_at=>2022-01-16 23:32:27.036037 +0000}
I, [2022-01-16T23:32:27.043364 #819]  INFO -- : nil
I, [2022-01-16T23:32:27.043491 #819]  INFO -- : true
I, [2022-01-22T19:08:29.543691 #685]  INFO -- : -2-------
I, [2022-01-22T19:08:29.543760 #685]  INFO -- : {"name"=>"", "pass"=>""}
I, [2022-01-22T19:08:29.545310 #685]  INFO -- : -3-------
I, [2022-01-22T19:08:29.545355 #685]  INFO -- : nil
I, [2022-01-22T19:10:27.009208 #1305]  INFO -- : -2-------
I, [2022-01-22T19:10:27.009260 #1305]  INFO -- : {"email"=>"test1@sample.com", "pass"=>"password"}
I, [2022-01-22T19:10:27.010535 #1305]  INFO -- : -3-------
I, [2022-01-22T19:10:27.010649 #1305]  INFO -- : nil
I, [2022-01-22T19:10:42.675501 #1367]  INFO -- : -2-------
I, [2022-01-22T19:10:42.675805 #1367]  INFO -- : {"email"=>"test1@sample.com", "pass"=>"password"}
I, [2022-01-22T19:10:42.677200 #1367]  INFO -- : -3-------
I, [2022-01-22T19:10:42.677330 #1367]  INFO -- : nil
I, [2022-01-22T19:12:30.605535 #1588]  INFO -- : -2-------
I, [2022-01-22T19:12:30.605647 #1588]  INFO -- : {"email"=>"test4@sample.com", "pass"=>"password"}
I, [2022-01-22T19:12:30.606962 #1588]  INFO -- : -3-------
I, [2022-01-22T19:12:30.607111 #1588]  INFO -- : nil
I, [2022-01-22T19:12:49.808318 #1660]  INFO -- : -2-------
I, [2022-01-22T19:12:49.808470 #1660]  INFO -- : {"email"=>"test4@sample.com", "pass"=>"password"}
I, [2022-01-22T19:12:49.809315 #1660]  INFO -- : -3-------
I, [2022-01-22T19:12:49.809468 #1660]  INFO -- : nil
I, [2022-01-22T19:13:18.148216 #1727]  INFO -- : -2-------
I, [2022-01-22T19:13:18.148396 #1727]  INFO -- : {"email"=>"test4@sample.com", "pass"=>"password"}
I, [2022-01-22T19:13:18.149474 #1727]  INFO -- : -3-------
I, [2022-01-22T19:13:18.149650 #1727]  INFO -- : nil
I, [2022-01-22T19:13:18.149801 #1727]  INFO -- : nil
I, [2022-01-22T19:13:20.729213 #1727]  INFO -- : -2-------
I, [2022-01-22T19:13:20.729303 #1727]  INFO -- : {"email"=>"test4@sample.com", "pass"=>"password"}
I, [2022-01-22T19:13:20.731085 #1727]  INFO -- : -3-------
I, [2022-01-22T19:13:20.731370 #1727]  INFO -- : nil
I, [2022-01-22T19:13:20.731602 #1727]  INFO -- : nil
I, [2022-01-22T19:13:42.424915 #1787]  INFO -- : -2-------
I, [2022-01-22T19:13:42.425074 #1787]  INFO -- : {"email"=>"test4@sample.com", "pass"=>"password"}
I, [2022-01-22T19:13:42.426360 #1787]  INFO -- : -3-------
I, [2022-01-22T19:13:42.426399 #1787]  INFO -- : nil
I, [2022-01-22T19:13:42.426436 #1787]  INFO -- : nil
I, [2022-01-22T19:15:28.498653 #2009]  INFO -- : false
I, [2022-01-22T19:16:12.758487 #2009]  INFO -- : false
I, [2022-01-22T19:16:17.191136 #2009]  INFO -- : false
I, [2022-01-22T19:16:50.996675 #2206]  INFO -- : nil
I, [2022-01-22T19:16:50.996812 #2206]  INFO -- : nil
I, [2022-01-22T19:16:55.495764 #2206]  INFO -- : {:id=>3, :name=>"テスター４", :email=>"test4@sample.com", :password=>"a1841621c50e7ea0598f4d8ad6217d64", :created_at=>2022-01-16 23:32:27.036037 +0000, :updated_at=>2022-01-16 23:32:27.036037 +0000}
I, [2022-01-22T19:16:55.496105 #2206]  INFO -- : false
I, [2022-01-22T19:17:39.037709 #2310]  INFO -- : {:id=>3, :name=>"テスター４", :email=>"test4@sample.com", :password=>"a1841621c50e7ea0598f4d8ad6217d64", :created_at=>2022-01-16 23:32:27.036037 +0000, :updated_at=>2022-01-16 23:32:27.036037 +0000}
I, [2022-01-22T19:17:39.037996 #2310]  INFO -- : 700145d5065a2edad82d7da85760c6fa
I, [2022-01-22T19:17:39.038178 #2310]  INFO -- : false
I, [2022-01-22T19:17:46.612767 #2310]  INFO -- : {:id=>3, :name=>"テスター４", :email=>"test4@sample.com", :password=>"a1841621c50e7ea0598f4d8ad6217d64", :created_at=>2022-01-16 23:32:27.036037 +0000, :updated_at=>2022-01-16 23:32:27.036037 +0000}
I, [2022-01-22T19:17:46.612870 #2310]  INFO -- : 700145d5065a2edad82d7da85760c6fa
I, [2022-01-22T19:17:46.612920 #2310]  INFO -- : false
I, [2022-01-22T19:18:47.340664 #2434]  INFO -- : {:id=>1, :name=>"テスター１", :email=>"test1@sample.com", :password=>"a1841621c50e7ea0598f4d8ad6217d64", :created_at=>2022-01-16 23:15:40.527988 +0000, :updated_at=>2022-01-16 23:15:40.527988 +0000}
I, [2022-01-22T19:18:47.340961 #2434]  INFO -- : 700145d5065a2edad82d7da85760c6fa
I, [2022-01-22T19:18:47.341140 #2434]  INFO -- : password
I, [2022-01-22T19:18:47.341347 #2434]  INFO -- : false
I, [2022-01-22T19:19:16.110930 #2538]  INFO -- : {:id=>1, :name=>"テスター１", :email=>"test1@sample.com", :password=>"a1841621c50e7ea0598f4d8ad6217d64", :created_at=>2022-01-16 23:15:40.527988 +0000, :updated_at=>2022-01-16 23:15:40.527988 +0000}
I, [2022-01-22T19:19:16.111191 #2538]  INFO -- : false
I, [2022-01-22T19:19:20.496130 #2538]  INFO -- : {:id=>3, :name=>"テスター４", :email=>"test4@sample.com", :password=>"a1841621c50e7ea0598f4d8ad6217d64", :created_at=>2022-01-16 23:32:27.036037 +0000, :updated_at=>2022-01-16 23:32:27.036037 +0000}
I, [2022-01-22T19:19:20.496437 #2538]  INFO -- : false
I, [2022-01-22T19:19:45.195212 #2602]  INFO -- : {:id=>3, :name=>"テスター４", :email=>"test4@sample.com", :password=>"a1841621c50e7ea0598f4d8ad6217d64", :created_at=>2022-01-16 23:32:27.036037 +0000, :updated_at=>2022-01-16 23:32:27.036037 +0000}
I, [2022-01-22T19:19:45.195353 #2602]  INFO -- : {"name"=>"テスター４", "email"=>"test4@sample.com"}
I, [2022-01-22T19:20:12.436910 #2668]  INFO -- : {:id=>3, :name=>"テスター４", :email=>"test4@sample.com", :password=>"a1841621c50e7ea0598f4d8ad6217d64", :created_at=>2022-01-16 23:32:27.036037 +0000, :updated_at=>2022-01-16 23:32:27.036037 +0000}
I, [2022-01-22T19:20:12.437192 #2668]  INFO -- : {"name"=>"テスター４", "email"=>"test4@sample.com"}
I, [2022-01-22T19:23:50.861659 #3097]  INFO -- : {:id=>3, :name=>"テスター４", :email=>"test4@sample.com", :password=>"a1841621c50e7ea0598f4d8ad6217d64", :created_at=>2022-01-16 23:32:27.036037 +0000, :updated_at=>2022-01-16 23:32:27.036037 +0000}
I, [2022-01-22T19:23:50.861780 #3097]  INFO -- : {"name"=>"テスター４", "email"=>"test4@sample.com"}
I, [2022-01-22T19:23:50.869287 #3097]  INFO -- : --chat-----------
I, [2022-01-22T19:23:50.869549 #3097]  INFO -- : nil
I, [2022-01-22T19:25:50.473886 #3360]  INFO -- : ----user_fetch----------
I, [2022-01-22T19:25:50.474057 #3360]  INFO -- : {:id=>3, :name=>"テスター４", :email=>"test4@sample.com", :password=>"a1841621c50e7ea0598f4d8ad6217d64", :created_at=>2022-01-16 23:32:27.036037 +0000, :updated_at=>2022-01-16 23:32:27.036037 +0000}
I, [2022-01-22T19:25:50.474262 #3360]  INFO -- : {"name"=>"テスター４", "email"=>"test4@sample.com"}
I, [2022-01-22T19:25:50.482725 #3360]  INFO -- : --chat-----------
I, [2022-01-22T19:25:50.483013 #3360]  INFO -- : nil
I, [2022-01-22T19:27:37.741585 #3558]  INFO -- : ----user_fetch----------
I, [2022-01-22T19:27:37.741798 #3558]  INFO -- : {:id=>3, :name=>"テスター４", :email=>"test4@sample.com", :password=>"a1841621c50e7ea0598f4d8ad6217d64", :created_at=>2022-01-16 23:32:27.036037 +0000, :updated_at=>2022-01-16 23:32:27.036037 +0000}
I, [2022-01-22T19:27:37.742012 #3558]  INFO -- : {"name"=>"テスター４", "email"=>"test4@sample.com"}
I, [2022-01-22T19:27:37.749357 #3558]  INFO -- : --chat-----------
I, [2022-01-22T19:27:37.749611 #3558]  INFO -- : nil
I, [2022-01-22T19:28:40.032695 #3721]  INFO -- : ----user_fetch----------
I, [2022-01-22T19:28:40.032748 #3721]  INFO -- : {:id=>3, :name=>"テスター４", :email=>"test4@sample.com", :password=>"a1841621c50e7ea0598f4d8ad6217d64", :created_at=>2022-01-16 23:32:27.036037 +0000, :updated_at=>2022-01-16 23:32:27.036037 +0000}
I, [2022-01-22T19:28:40.032912 #3721]  INFO -- : {"name"=>"テスター４", "email"=>"test4@sample.com"}
I, [2022-01-22T19:28:40.040210 #3721]  INFO -- : dskjfjaslfhasdlkfhaskfdjawsdlkfhj
I, [2022-01-22T19:28:40.040301 #3721]  INFO -- : "9b673289c127c54858e01eb0f89f67c1a26c78f727abba66fd14ebac78da0a9b"
I, [2022-01-22T19:28:40.040803 #3721]  INFO -- : --chat-----------
I, [2022-01-22T19:28:40.040858 #3721]  INFO -- : nil
I, [2022-01-22T19:37:49.630818 #4854]  INFO -- : ----user_fetch----------
I, [2022-01-22T19:37:49.631060 #4854]  INFO -- : {:id=>3, :name=>"テスター４", :email=>"test4@sample.com", :password=>"a1841621c50e7ea0598f4d8ad6217d64", :created_at=>2022-01-16 23:32:27.036037 +0000, :updated_at=>2022-01-16 23:32:27.036037 +0000}
I, [2022-01-22T19:37:49.631301 #4854]  INFO -- : {"name"=>"テスター４", "email"=>"test4@sample.com"}
I, [2022-01-22T19:37:49.638499 #4854]  INFO -- : --chat-----------
I, [2022-01-22T19:37:49.638726 #4854]  INFO -- : {:name=>"テスター４"}
I, [2022-01-22T19:38:28.801597 #4951]  INFO -- : ----user_fetch----------
I, [2022-01-22T19:38:28.801659 #4951]  INFO -- : {:id=>3, :name=>"テスター４", :email=>"test4@sample.com", :password=>"a1841621c50e7ea0598f4d8ad6217d64", :created_at=>2022-01-16 23:32:27.036037 +0000, :updated_at=>2022-01-16 23:32:27.036037 +0000}
I, [2022-01-22T19:38:28.801760 #4951]  INFO -- : {"name"=>"テスター４", "email"=>"test4@sample.com"}
I, [2022-01-22T19:38:28.809412 #4951]  INFO -- : --chat-----------
I, [2022-01-22T19:38:28.809507 #4951]  INFO -- : {:name=>"テスター４"}
I, [2022-01-22T19:42:17.847265 #5475]  INFO -- : ----user_fetch----------
I, [2022-01-22T19:42:17.847313 #5475]  INFO -- : {:id=>3, :name=>"テスター４", :email=>"test4@sample.com", :password=>"a1841621c50e7ea0598f4d8ad6217d64", :created_at=>2022-01-16 23:32:27.036037 +0000, :updated_at=>2022-01-16 23:32:27.036037 +0000}
I, [2022-01-22T19:42:17.847418 #5475]  INFO -- : {"name"=>"テスター４", "email"=>"test4@sample.com"}
I, [2022-01-22T19:42:17.858766 #5475]  INFO -- : --chat-----------
I, [2022-01-22T19:42:17.859018 #5475]  INFO -- : {:name=>"テスター４"}
I, [2022-01-22T19:42:45.352238 #5550]  INFO -- : ----user_fetch----------
I, [2022-01-22T19:42:45.352285 #5550]  INFO -- : {:id=>3, :name=>"テスター４", :email=>"test4@sample.com", :password=>"a1841621c50e7ea0598f4d8ad6217d64", :created_at=>2022-01-16 23:32:27.036037 +0000, :updated_at=>2022-01-16 23:32:27.036037 +0000}
I, [2022-01-22T19:42:45.352383 #5550]  INFO -- : {"name"=>"テスター４", "email"=>"test4@sample.com"}
I, [2022-01-22T19:42:45.363936 #5550]  INFO -- : --chat-----------
I, [2022-01-22T19:42:45.363986 #5550]  INFO -- : {:name=>"テスター４"}
